Arguments: 
  /usr/local/bin/node /usr/local/bin/yarn build

PATH: 
  /Library/Frameworks/Python.framework/Versions/3.8/bin:/Library/Frameworks/Python.framework/Versions/2.7/bin:/usr/local/bin:/usr/bin:/bin:/usr/sbin:/sbin:/Library/Frameworks/Python.framework/Versions/3.8/bin:/Library/Frameworks/Python.framework/Versions/2.7/bin

Yarn version: 
  1.22.0

Node version: 
  12.16.1

Platform: 
  darwin x64

Trace: 
  SyntaxError: /Users/hsiaokang/workSpace/front-end/package.json: Unexpected token / in JSON at position 289
      at JSON.parse (<anonymous>)
      at /usr/local/lib/node_modules/yarn/lib/cli.js:1625:59
      at Generator.next (<anonymous>)
      at step (/usr/local/lib/node_modules/yarn/lib/cli.js:310:30)
      at /usr/local/lib/node_modules/yarn/lib/cli.js:321:13

npm manifest: 
  {
      "name": "webpack-started",
      "private": true,
      "version": "1.0.0",
      "description": "",
      "scripts": {
          "test": "echo \"Error: no test specified\" && exit 1",
          "build": "webpack --env NODE_ENV=local --env production --progress",
          "watch": "webpack --watch",
          "start": "webpack serve --open",
          "server": "node server.js",
          "server2": "node dev-server.js"
      },
      "keywords": [],
      "author": "",
      "license": "ISC",
      "devDependencies": {
          "clean-webpack-plugin": "^3.0.0",
          "css-loader": "^5.0.1",
          "csv-loader": "^3.0.3",
          "express": "^4.17.1",
          "html-webpack-plugin": "^4.5.1",
          "json5": "^2.1.3",
          "style-loader": "^2.0.0",
          "toml": "^3.0.0",
          "webpack": "^5.11.1",
          "webpack-cli": "^4.3.1",
          "webpack-dev-middleware": "^4.0.4",
          "webpack-dev-server": "^3.11.2",
          "xml-loader": "^1.2.1",
          "yamljs": "^0.3.0"
      },
      "dependencies": {
          "lodash": "^4.17.20"
      }
  }

yarn manifest: 
  No manifest

Lockfile: 
  No lockfile
